<?xml version="1.0" encoding="UTF-8"?>
<!-- Generated by org.testng.reporters.JUnitXMLReporter -->
<testsuite hostname="511A-PC" ignored="0" name="Test" tests="6" failures="0" timestamp="2019-09-22T13:32:44 PDT" time="71.435" errors="0">
  <testcase name="methodOneA" time="20.195" classname="packOne.ClassOne"/>
  <testcase name="methodTwoA" time="15.907" classname="packOne.ClassTwo"/>
  <testcase name="methodThreeA" time="16.081" classname="packOne.ClassThree"/>
  <testcase name="methodThreeB" time="0.001" classname="packOne.ClassThree"/>
  <testcase name="methodFourA" time="19.196" classname="packOne.ClassFour"/>
  <testcase name="methodFourB" time="0.005" classname="packOne.ClassFour"/>
</testsuite> <!-- Test -->
